<?xml version="1.0" encoding="UTF-8"?>
<!-- Generated by org.testng.reporters.JUnitReportReporter -->
<testsuite hostname="VijayKanth" failures="0" tests="4" name="testngpriority.TestNgGroupsDemo" time="0.024" errors="0" timestamp="2022-09-21T13:24:27 IST" skipped="0">
  <testcase classname="testngpriority.TestNgGroupsDemo" name="test3" time="0.002"/>
  <system-out/>
  <testcase classname="testngpriority.TestNgGroupsDemo" name="test4" time="0.002"/>
  <system-out/>
  <testcase classname="testngpriority.TestNgGroupsDemo" name="test2" time="0.002"/>
  <system-out/>
  <testcase classname="testngpriority.TestNgGroupsDemo" name="test1" time="0.018"/>
  <system-out/>
</testsuite> <!-- testngpriority.TestNgGroupsDemo -->
