<?xml version="1.0" encoding="UTF-8"?>
<!-- Generated by org.testng.reporters.JUnitReportReporter -->
<testsuite hostname="VijayKanth" failures="0" tests="3" name="testngrealted.TestNgRetryFailedDemo" time="0.026" errors="0" timestamp="2022-09-22T13:07:49 IST" skipped="0">
  <testcase classname="testngrealted.TestNgRetryFailedDemo" name="test2" time="0.004"/>
  <system-out/>
  <testcase classname="testngrealted.TestNgRetryFailedDemo" name="test3" time="0.006"/>
  <system-out/>
  <testcase classname="testngrealted.TestNgRetryFailedDemo" name="test1" time="0.016"/>
  <system-out/>
</testsuite> <!-- testngrealted.TestNgRetryFailedDemo -->
