<?xml version="1.0" encoding="UTF-8"?>
<!-- Generated by org.testng.reporters.JUnitReportReporter -->
<testsuite hostname="VijayKanth" failures="0" tests="3" name="testngpriority.TestngPriorityDemo" time="0.015" errors="0" timestamp="2022-09-21T11:59:18 IST" skipped="0">
  <testcase classname="testngpriority.TestngPriorityDemo" name="test3" time="0.012"/>
  <system-out/>
  <testcase classname="testngpriority.TestngPriorityDemo" name="test1" time="0.002"/>
  <system-out/>
  <testcase classname="testngpriority.TestngPriorityDemo" name="test2" time="0.001"/>
  <system-out/>
</testsuite> <!-- testngpriority.TestngPriorityDemo -->
