<?xml version="1.0" encoding="UTF-8"?>
<!-- Generated by org.testng.reporters.JUnitReportReporter -->
<testsuite hostname="VijayKanth" failures="0" tests="3" name="testngrealted.TestngDependencyDemo" time="0.022" errors="0" timestamp="2022-09-21T14:12:56 IST" skipped="0">
  <testcase classname="testngrealted.TestngDependencyDemo" name="test2" time="0.018"/>
  <system-out/>
  <testcase classname="testngrealted.TestngDependencyDemo" name="test1" time="0.002"/>
  <system-out/>
  <testcase classname="testngrealted.TestngDependencyDemo" name="test3" time="0.002"/>
  <system-out/>
</testsuite> <!-- testngrealted.TestngDependencyDemo -->
