<?xml version="1.0" encoding="UTF-8"?>
<!-- Generated by org.testng.reporters.JUnitReportReporter -->
<testsuite hostname="VijayKanth" failures="0" tests="2" name="testngrealted.TestNGIgnoreDemo" time="0.016" errors="0" timestamp="2022-09-21T18:49:31 IST" skipped="1">
  <testcase classname="testngrealted.TestNGIgnoreDemo" name="test2" time="0.016"/>
  <system-out/>
  <testcase classname="testngrealted.TestNGIgnoreDemo" name="test1">
    <skipped/>
  </testcase> <!-- test1 -->
  <system-out/>
</testsuite> <!-- testngrealted.TestNGIgnoreDemo -->
