<?xml version="1.0" encoding="UTF-8"?>
<!-- Generated by org.testng.reporters.JUnitReportReporter -->
<testsuite hostname="VijayKanth" failures="0" tests="1" name="test.Testng_DemoTest2" time="5.077" errors="0" timestamp="2022-09-18T13:56:47 IST" skipped="0">
  <testcase classname="test.Testng_DemoTest2" name="googleSearch3" time="5.077"/>
  <system-out/>
</testsuite> <!-- test.Testng_DemoTest2 -->
