<?xml version="1.0" encoding="UTF-8"?>
<!-- Generated by org.testng.reporters.JUnitReportReporter -->
<testsuite hostname="VijayKanth" failures="0" tests="1" name="test.Testng_DemoTest" time="3.760" errors="0" timestamp="2022-09-19T14:08:36 IST" skipped="0">
  <testcase classname="test.Testng_DemoTest" name="googleSearch" time="3.760"/>
  <system-out/>
</testsuite> <!-- test.Testng_DemoTest -->
