<?xml version="1.0" encoding="UTF-8"?>
<!-- Generated by org.testng.reporters.JUnitReportReporter -->
<testsuite hostname="VijayKanth" failures="0" tests="1" name="testngpriority.TestNgParametersDemo" time="0.017" errors="0" timestamp="2022-09-21T13:49:39 IST" skipped="0">
  <testcase classname="testngpriority.TestNgParametersDemo" name="test" time="0.017"/>
  <system-out/>
</testsuite> <!-- testngpriority.TestNgParametersDemo -->
