<?xml version="1.0" encoding="UTF-8"?>
<!-- Generated by org.testng.reporters.JUnitReportReporter -->
<testsuite hostname="VijayKanth" failures="0" tests="3" name="testngpriority.TestNgMultiBrowserDemo" time="19.121" errors="0" timestamp="2022-09-21T12:41:43 IST" skipped="0">
  <testcase classname="testngpriority.TestNgMultiBrowserDemo" name="test1" time="6.251"/>
  <system-out/>
  <testcase classname="testngpriority.TestNgMultiBrowserDemo" name="test1" time="6.697"/>
  <system-out/>
  <testcase classname="testngpriority.TestNgMultiBrowserDemo" name="test1" time="6.173"/>
  <system-out/>
</testsuite> <!-- testngpriority.TestNgMultiBrowserDemo -->
